OpenROAD 0.9.0 1415572a73
This program is licensed under the BSD-3 license. See the LICENSE file for details.
Components of this program may be licensed under more restrictive licenses which must be honored.
Notice 0: Reading LEF file:  /openLANE_flow/designs/picorv32a/runs/04-07_04-38/tmp/merged_unpadded.lef
Notice 0:     Created 13 technology layers
Notice 0:     Created 25 technology vias
Notice 0:     Created 442 library cells
Notice 0: Finished LEF file:  /openLANE_flow/designs/picorv32a/runs/04-07_04-38/tmp/merged_unpadded.lef
Notice 0: 
Reading DEF file: /openLANE_flow/designs/picorv32a/runs/04-07_04-38/tmp/placement/8-resizer.def
Notice 0: Design: picorv32a
Notice 0:     Created 409 pins.
Notice 0:     Created 32177 components and 188019 component-terminals.
Notice 0:     Created 23450 nets and 80057 connections.
Notice 0: Finished DEF file: /openLANE_flow/designs/picorv32a/runs/04-07_04-38/tmp/placement/8-resizer.def
[WARNING DPL-0011] Could not find power special net.
Design Stats
--------------------------------
total instances         32177
multi row instances         0
fixed instances          8829
nets                    23450
design area          592746.0 u^2
fixed area            12463.2 u^2
movable area         244904.9 u^2
utilization                42 %
utilization padded         62 %
rows                      283
row height                2.7 u

Placement Analysis
--------------------------------
total displacement        0.0 u
average displacement      0.0 u
max displacement          0.0 u
original HPWL        1160731.8 u
legalized HPWL       1179812.8 u
delta HPWL                  2 %

[INFO DPL-0020] Mirrored 10099 instances
[INFO DPL-0021] HPWL before          1179812.8 u
[INFO DPL-0022] HPWL after           1160731.8 u
[INFO DPL-0023] HPWL delta               -1.6 %
