Fri Jul 04 08:13:29 UTC 2025 - Executing "python3 /openLANE_flow/scripts/extract_metal_layers.py -t /home/iraj/VLSI/openlane_working_dir/openlane/pdks/sky130A/libs.ref/sky130_fd_sc_hd/techlef/sky130_fd_sc_hd.tlef -o /openLANE_flow/designs/picorv32a/runs/04-07_04-38/tmp/met_layers_list.txt"

Fri Jul 04 08:13:29 UTC 2025 - Executing "/openLANE_flow/scripts/mergeLef.py -i /home/iraj/VLSI/openlane_working_dir/openlane/pdks/sky130A/libs.ref/sky130_fd_sc_hd/techlef/sky130_fd_sc_hd.tlef {/home/iraj/VLSI/openlane_working_dir/openlane/pdks/sky130A/libs.ref/sky130_fd_sc_hd/lef/sky130_fd_sc_hd.lef /home/iraj/VLSI/openlane_working_dir/openlane/pdks/sky130A/libs.ref/sky130_fd_sc_hd/lef/sky130_ef_sc_hd__fakediode_2.lef /home/iraj/VLSI/openlane_working_dir/openlane/pdks/sky130A/libs.ref/sky130_fd_sc_hd/lef/sky130_ef_sc_hd__fill_12.lef /home/iraj/VLSI/openlane_working_dir/openlane/pdks/sky130A/libs.ref/sky130_fd_sc_hd/lef/sky130_ef_sc_hd__decap_12.lef} -o /openLANE_flow/designs/picorv32a/runs/04-07_04-38/tmp/merged_unpadded.lef |& tee >&@stdout"

Fri Jul 04 08:13:29 UTC 2025 - Executing "/openLANE_flow/scripts/mergeLef.py -i /openLANE_flow/designs/picorv32a/runs/04-07_04-38/tmp/merged_unpadded.lef /openLANE_flow/designs/picorv32a/src/sky130_vsdinv.lef -o /openLANE_flow/designs/picorv32a/runs/04-07_04-38/tmp/merged_unpadded.lef |& tee >&@stdout"

Fri Jul 04 08:13:30 UTC 2025 - Executing "/openLANE_flow/scripts/libtrim.pl /openLANE_flow/designs/picorv32a/src/sky130_fd_sc_hd__typical.lib /openLANE_flow/designs/picorv32a/runs/04-07_04-38/tmp/trimmed.lib.exclude.list > /openLANE_flow/designs/picorv32a/runs/04-07_04-38/tmp/trimmed.lib"

Fri Jul 04 08:13:30 UTC 2025 - Executing "echo {openlane 'a6ac8cf'} > /openLANE_flow/designs/picorv32a/runs/04-07_04-38/OPENLANE_VERSION"

Fri Jul 04 08:13:54 UTC 2025 - Executing "/openLANE_flow/scripts/mergeLef.py -i /openLANE_flow/designs/picorv32a/runs/04-07_04-38/tmp/merged.lef /openLANE_flow/designs/picorv32a/src/sky130_vsdinv.lef -o /openLANE_flow/designs/picorv32a/runs/04-07_04-38/tmp/merged.lef.new"

Fri Jul 04 08:13:55 UTC 2025 - Executing "/openLANE_flow/scripts/mergeLef.py -i /openLANE_flow/designs/picorv32a/runs/04-07_04-38/tmp/merged_unpadded.lef /openLANE_flow/designs/picorv32a/src/sky130_vsdinv.lef -o /openLANE_flow/designs/picorv32a/runs/04-07_04-38/tmp/merged_unpadded.lef.new"

Fri Jul 04 08:13:55 UTC 2025 - Executing "mv /openLANE_flow/designs/picorv32a/runs/04-07_04-38/tmp/merged.lef.new /openLANE_flow/designs/picorv32a/runs/04-07_04-38/tmp/merged.lef"

Fri Jul 04 08:13:55 UTC 2025 - Executing "mv /openLANE_flow/designs/picorv32a/runs/04-07_04-38/tmp/merged_unpadded.lef.new /openLANE_flow/designs/picorv32a/runs/04-07_04-38/tmp/merged_unpadded.lef"

Fri Jul 04 08:15:28 UTC 2025 - Executing "sed -E {s/^([[:space:]]+)pg_pin(.*)/\1pin\2\n\1    direction : "inout";/g} /openLANE_flow/designs/picorv32a/src/sky130_fd_sc_hd__typical.lib > /openLANE_flow/designs/picorv32a/runs/04-07_04-38/tmp/sky130_fd_sc_hd__typical.no_pg.lib"

Fri Jul 04 08:15:28 UTC 2025 - Executing "yosys -c /openLANE_flow/scripts/synth.tcl -l /openLANE_flow/designs/picorv32a/runs/04-07_04-38/logs/synthesis/1-yosys.log |& tee >&@stdout"

Fri Jul 04 08:17:20 UTC 2025 - Executing "sed -i -e {s/\(set ::env(CURRENT_NETLIST)\).*/\1 \/openLANE_flow\/designs\/picorv32a\/runs\/04-07_04-38\/results\/synthesis\/picorv32a.synthesis.v/} /openLANE_flow/designs/picorv32a/runs/04-07_04-38/config.tcl"

Fri Jul 04 08:17:20 UTC 2025 - Executing "sed -i -e {s/\(set ::env(PREV_NETLIST)\).*/\1 0/} /openLANE_flow/designs/picorv32a/runs/04-07_04-38/config.tcl"

Fri Jul 04 08:17:20 UTC 2025 - Executing "sed -i /defparam/d /openLANE_flow/designs/picorv32a/runs/04-07_04-38/results/synthesis/picorv32a.synthesis.v"

Fri Jul 04 08:17:22 UTC 2025 - Executing "sta /openLANE_flow/scripts/sta.tcl |& tee >&@stdout /openLANE_flow/designs/picorv32a/runs/04-07_04-38/logs/synthesis/2-opensta"

Fri Jul 04 08:21:14 UTC 2025 - Executing "sed -i -e {s/\(set ::env(CURRENT_NETLIST)\).*/\1 \/openLANE_flow\/designs\/picorv32a\/runs\/04-07_04-38\/results\/synthesis\/picorv32a.synthesis.v/} /openLANE_flow/designs/picorv32a/runs/04-07_04-38/config.tcl"

Fri Jul 04 08:21:14 UTC 2025 - Executing "sed -i -e {s/\(set ::env(PREV_NETLIST)\).*/\1 \/openLANE_flow\/designs\/picorv32a\/runs\/04-07_04-38\/results\/synthesis\/picorv32a.synthesis.v/} /openLANE_flow/designs/picorv32a/runs/04-07_04-38/config.tcl"

Fri Jul 04 08:21:14 UTC 2025 - Executing "sta /openLANE_flow/scripts/sta.tcl |& tee >&@stdout /openLANE_flow/designs/picorv32a/runs/04-07_04-38/logs/synthesis/3-opensta"

Fri Jul 04 08:23:00 UTC 2025 - Executing "sed -i -e {s/\(set ::env(CURRENT_NETLIST)\).*/\1 \/openLANE_flow\/designs\/picorv32a\/runs\/04-07_04-38\/results\/synthesis\/picorv32a.synthesis.v/} /openLANE_flow/designs/picorv32a/runs/04-07_04-38/config.tcl"

Fri Jul 04 08:23:00 UTC 2025 - Executing "sed -i -e {s/\(set ::env(PREV_NETLIST)\).*/\1 \/openLANE_flow\/designs\/picorv32a\/runs\/04-07_04-38\/results\/synthesis\/picorv32a.synthesis.v/} /openLANE_flow/designs/picorv32a/runs/04-07_04-38/config.tcl"

Fri Jul 04 08:23:00 UTC 2025 - Executing "sta /openLANE_flow/scripts/sta.tcl |& tee >&@stdout /openLANE_flow/designs/picorv32a/runs/04-07_04-38/logs/synthesis/4-opensta"

Fri Jul 04 10:38:12 UTC 2025 - Executing "openroad -exit /openLANE_flow/scripts/openroad/or_floorplan.tcl |& tee >&@stdout /openLANE_flow/designs/picorv32a/runs/04-07_04-38/logs/floorplan/5-verilog2def.openroad.log"

Fri Jul 04 10:38:28 UTC 2025 - Executing "openroad -exit /openLANE_flow/scripts/openroad/or_ioplacer.tcl |& tee >&@stdout /openLANE_flow/designs/picorv32a/runs/04-07_04-38/logs/floorplan/6-ioPlacer.log"

Fri Jul 04 10:38:45 UTC 2025 - Executing "openroad -exit /openLANE_flow/scripts/openroad/or_tapcell.tcl |& tee >&@stdout /openLANE_flow/designs/picorv32a/runs/04-07_04-38/logs/floorplan/7-tapcell.log"

Fri Jul 04 10:39:02 UTC 2025 - Executing "openroad -exit /openLANE_flow/scripts/openroad/or_replace.tcl |& tee >&@stdout /openLANE_flow/designs/picorv32a/runs/04-07_04-38/logs/placement/8-replace.log"

Fri Jul 04 10:39:26 UTC 2025 - Executing "openroad -exit /openLANE_flow/scripts/openroad/or_resizer.tcl |& tee >&@stdout /openLANE_flow/designs/picorv32a/runs/04-07_04-38/logs/placement/8-resizer.log"

Fri Jul 04 10:39:46 UTC 2025 - Executing "openroad -exit /openLANE_flow/scripts/openroad/or_write_verilog.tcl |& tee >&@stdout /openLANE_flow/designs/picorv32a/runs/04-07_04-38/logs/9-write_verilog.log"

Fri Jul 04 10:39:48 UTC 2025 - Executing "sed -i -e {s/\(set ::env(CURRENT_NETLIST)\).*/\1 \/openLANE_flow\/designs\/picorv32a\/runs\/04-07_04-38\/results\/synthesis\/picorv32a.synthesis_optimized.v/} /openLANE_flow/designs/picorv32a/runs/04-07_04-38/config.tcl"

Fri Jul 04 10:39:48 UTC 2025 - Executing "sed -i -e {s/\(set ::env(PREV_NETLIST)\).*/\1 \/openLANE_flow\/designs\/picorv32a\/runs\/04-07_04-38\/results\/synthesis\/picorv32a.synthesis.v/} /openLANE_flow/designs/picorv32a/runs/04-07_04-38/config.tcl"

Fri Jul 04 10:39:48 UTC 2025 - Executing "sta /openLANE_flow/scripts/sta.tcl |& tee >&@stdout /openLANE_flow/designs/picorv32a/runs/04-07_04-38/logs/synthesis/10-opensta_post_resizer"

Fri Jul 04 10:39:51 UTC 2025 - Executing "openroad -exit /openLANE_flow/scripts/openroad/or_opendp.tcl |& tee >&@stdout /openLANE_flow/designs/picorv32a/runs/04-07_04-38/logs/placement/11-opendp.log"

Fri Jul 04 10:39:55 UTC 2025 - Executing "bash /openLANE_flow/scripts/klayout/scrotLayout.sh /home/iraj/VLSI/openlane_working_dir/openlane/pdks/sky130A/libs.tech/klayout/sky130A.lyt /openLANE_flow/designs/picorv32a/runs/04-07_04-38/results/placement/picorv32a.placement.def |& tee >&@stdout /openLANE_flow/designs/picorv32a/runs/04-07_04-38/logs/klayout/12-klayout.scrot.log"

Fri Jul 04 10:41:28 UTC 2025 - Executing "/openLANE_flow/scripts/libtrim.pl /openLANE_flow/designs/picorv32a/src/sky130_fd_sc_hd__typical.lib /openLANE_flow/designs/picorv32a/runs/04-07_04-38/tmp/cts.lib.exclude.list > /openLANE_flow/designs/picorv32a/runs/04-07_04-38/tmp/cts.lib"

Fri Jul 04 10:41:28 UTC 2025 - Executing "openroad -exit /openLANE_flow/scripts/openroad/or_cts.tcl |& tee >&@stdout /openLANE_flow/designs/picorv32a/runs/04-07_04-38/logs/cts/13-cts.log"

Fri Jul 04 10:43:59 UTC 2025 - Executing "openroad -exit /openLANE_flow/scripts/openroad/or_write_verilog.tcl |& tee >&@stdout /openLANE_flow/designs/picorv32a/runs/04-07_04-38/logs/14-write_verilog.log"

Fri Jul 04 10:44:01 UTC 2025 - Executing "sed -i -e {s/\(set ::env(CURRENT_NETLIST)\).*/\1 \/openLANE_flow\/designs\/picorv32a\/runs\/04-07_04-38\/results\/synthesis\/picorv32a.synthesis_cts.v/} /openLANE_flow/designs/picorv32a/runs/04-07_04-38/config.tcl"

Fri Jul 04 10:44:01 UTC 2025 - Executing "sed -i -e {s/\(set ::env(PREV_NETLIST)\).*/\1 \/openLANE_flow\/designs\/picorv32a\/runs\/04-07_04-38\/results\/synthesis\/picorv32a.synthesis_optimized.v/} /openLANE_flow/designs/picorv32a/runs/04-07_04-38/config.tcl"

Fri Jul 04 10:44:01 UTC 2025 - Executing "bash /openLANE_flow/scripts/klayout/scrotLayout.sh /home/iraj/VLSI/openlane_working_dir/openlane/pdks/sky130A/libs.tech/klayout/sky130A.lyt /openLANE_flow/designs/picorv32a/runs/04-07_04-38/results/cts/picorv32a.cts.def |& tee >&@stdout /openLANE_flow/designs/picorv32a/runs/04-07_04-38/logs/klayout/15-klayout.scrot.log"

Fri Jul 04 12:21:39 UTC 2025 - Executing "openroad -exit /openLANE_flow/scripts/openroad/or_cts.tcl |& tee >&@stdout /openLANE_flow/designs/picorv32a/runs/04-07_04-38/logs/cts/16-cts.log"

Fri Jul 04 12:22:07 UTC 2025 - Executing "python3 /openLANE_flow/report_generation_wrapper.py -d /openLANE_flow/designs/picorv32a -dn picorv32a -t 04-07_04-38 -o /openLANE_flow/designs/picorv32a/runs/04-07_04-38/reports/final_summary_report.csv -m /openLANE_flow/designs/picorv32a/runs/04-07_04-38/reports/manufacturability_report.rpt -rs /openLANE_flow/designs/picorv32a/runs/04-07_04-38/reports/runtime_summary_report.rpt -r /openLANE_flow/designs/picorv32a/runs/04-07_04-38"

Fri Jul 04 14:40:39 UTC 2025 - Executing "openroad -exit /openLANE_flow/scripts/openroad/or_cts.tcl |& tee >&@stdout /openLANE_flow/designs/picorv32a/runs/04-07_04-38/logs/cts/17-cts.log"

Fri Jul 04 14:41:56 UTC 2025 - Executing "openroad -exit /openLANE_flow/scripts/openroad/or_write_verilog.tcl |& tee >&@stdout /openLANE_flow/designs/picorv32a/runs/04-07_04-38/logs/18-write_verilog.log"

Fri Jul 04 14:41:58 UTC 2025 - Executing "sed -i -e {s/\(set ::env(CURRENT_NETLIST)\).*/\1 \/openLANE_flow\/designs\/picorv32a\/runs\/04-07_04-38\/results\/synthesis\/picorv32a.synthesis_cts.v/} /openLANE_flow/designs/picorv32a/runs/04-07_04-38/config.tcl"

Fri Jul 04 14:41:58 UTC 2025 - Executing "sed -i -e {s/\(set ::env(PREV_NETLIST)\).*/\1 \/openLANE_flow\/designs\/picorv32a\/runs\/04-07_04-38\/results\/synthesis\/picorv32a.synthesis_cts.v/} /openLANE_flow/designs/picorv32a/runs/04-07_04-38/config.tcl"

Fri Jul 04 14:41:58 UTC 2025 - Executing "bash /openLANE_flow/scripts/klayout/scrotLayout.sh /home/iraj/VLSI/openlane_working_dir/openlane/pdks/sky130A/libs.tech/klayout/sky130A.lyt /openLANE_flow/designs/picorv32a/runs/04-07_04-38/results/cts/picorv32a.cts.def |& tee >&@stdout /openLANE_flow/designs/picorv32a/runs/04-07_04-38/logs/klayout/19-klayout.scrot.log"

Fri Jul 04 15:29:26 UTC 2025 - Executing "echo {openlane 'a6ac8cf'} > /openLANE_flow/designs/picorv32a/runs/04-07_04-38/OPENLANE_VERSION"

Fri Jul 04 15:33:33 UTC 2025 - Executing "openroad -exit /openLANE_flow/scripts/openroad/or_pdn.tcl |& tee >&@stdout /openLANE_flow/designs/picorv32a/runs/04-07_04-38/logs/floorplan/20-pdn.log"

Fri Jul 04 17:21:44 UTC 2025 - Executing "openroad -exit /openLANE_flow/scripts/openroad/or_groute.tcl |& tee >&@stdout /openLANE_flow/designs/picorv32a/runs/04-07_04-38/logs/routing/21-fastroute.log"

Fri Jul 04 17:22:35 UTC 2025 - Executing "openroad -exit /openLANE_flow/scripts/openroad/or_fill.tcl |& tee >&@stdout /openLANE_flow/designs/picorv32a/runs/04-07_04-38/logs/routing/22-addspacers.log"

Fri Jul 04 17:22:37 UTC 2025 - Executing "openroad -exit /openLANE_flow/scripts/openroad/or_write_verilog.tcl |& tee >&@stdout /openLANE_flow/designs/picorv32a/runs/04-07_04-38/logs/23-write_verilog.log"

Fri Jul 04 17:22:40 UTC 2025 - Executing "sed -i -e {s/\(set ::env(CURRENT_NETLIST)\).*/\1 \/openLANE_flow\/designs\/picorv32a\/runs\/04-07_04-38\/results\/synthesis\/picorv32a.synthesis_preroute.v/} /openLANE_flow/designs/picorv32a/runs/04-07_04-38/config.tcl"

Fri Jul 04 17:22:40 UTC 2025 - Executing "sed -i -e {s/\(set ::env(PREV_NETLIST)\).*/\1 \/openLANE_flow\/designs\/picorv32a\/runs\/04-07_04-38\/results\/synthesis\/picorv32a.synthesis_cts.v/} /openLANE_flow/designs/picorv32a/runs/04-07_04-38/config.tcl"

Fri Jul 04 17:22:40 UTC 2025 - Executing "envsubst < /openLANE_flow/scripts/tritonRoute.param > /openLANE_flow/designs/picorv32a/runs/04-07_04-38/tmp/routing/24-tritonRoute.param"

Fri Jul 04 17:22:40 UTC 2025 - Executing "TritonRoute /openLANE_flow/designs/picorv32a/runs/04-07_04-38/tmp/routing/24-tritonRoute.param |& tee >&@stdout /openLANE_flow/designs/picorv32a/runs/04-07_04-38/logs/routing/24-tritonRoute.log"

Fri Jul 04 17:40:56 UTC 2025 - Executing "python3 /openLANE_flow/scripts/tr2klayout.py -i /openLANE_flow/designs/picorv32a/runs/04-07_04-38/reports/routing/24-tritonRoute.drc -o /openLANE_flow/designs/picorv32a/runs/04-07_04-38/reports/routing/24-tritonRoute.klayout.xml --design-name picorv32a"

Fri Jul 04 17:40:56 UTC 2025 - Executing "bash /openLANE_flow/scripts/klayout/scrotLayout.sh /home/iraj/VLSI/openlane_working_dir/openlane/pdks/sky130A/libs.tech/klayout/sky130A.lyt /openLANE_flow/designs/picorv32a/runs/04-07_04-38/results/routing/picorv32a.def |& tee >&@stdout /openLANE_flow/designs/picorv32a/runs/04-07_04-38/logs/klayout/25-klayout.scrot.log"

Fri Jul 04 17:41:08 UTC 2025 - Executing "python3 /openLANE_flow/scripts/spef_extractor/main.py -l /openLANE_flow/designs/picorv32a/runs/04-07_04-38/tmp/merged_unpadded.lef -d /openLANE_flow/designs/picorv32a/runs/04-07_04-38/results/routing/picorv32a.def -mw L -ec 1 |& tee >&@stdout /openLANE_flow/designs/picorv32a/runs/04-07_04-38/logs/routing/26-spef_extraction.log"

Fri Jul 04 17:41:32 UTC 2025 - Executing "sta /openLANE_flow/scripts/sta.tcl |& tee >&@stdout /openLANE_flow/designs/picorv32a/runs/04-07_04-38/logs/synthesis/27-opensta_spef"

